2026-04-24 21:55:05 | INFO     | [作家榜经典：局外人（我就是要活出真实的自己，哪怕成为你眼中的局外人！北岛推荐版本！获诺贝尔文学奖基金会官方授权！免费赠送法语原版！） (大星作家榜经典文库)] Starting pipeline... (book_id=903774ba-0277-47a3-b5fb-b08171bbd7f0)
2026-04-24 21:55:05 | INFO     | [作家榜经典：局外人（我就是要活出真实的自己，哪怕成为你眼中的局外人！北岛推荐版本！获诺贝尔文学奖基金会官方授权！免费赠送法语原版！） (大星作家榜经典文库)] Chunking novel...
2026-04-24 21:55:05 | INFO     | [作家榜经典：局外人（我就是要活出真实的自己，哪怕成为你眼中的局外人！北岛推荐版本！获诺贝尔文学奖基金会官方授权！免费赠送法语原版！） (大星作家榜经典文库)] Generated 21 chunks
2026-04-24 21:55:31 | INFO     | [作家榜经典：局外人（我就是要活出真实的自己，哪怕成为你眼中的局外人！北岛推荐版本！获诺贝尔文学奖基金会官方授权！免费赠送法语原版！） (大星作家榜经典文库)] Chunk 1: 6 beats generated
2026-04-24 21:56:00 | INFO     | [作家榜经典：局外人（我就是要活出真实的自己，哪怕成为你眼中的局外人！北岛推荐版本！获诺贝尔文学奖基金会官方授权！免费赠送法语原版！） (大星作家榜经典文库)] Chunk 2: 7 beats generated
2026-04-24 21:56:08 | WARNING  | Failed to extract beats from response: Let me start by analyzing this chunk. I need to check if there's any previous context that might help me understand the characters and timeline.
2026-04-24 21:56:08 | INFO     | [作家榜经典：局外人（我就是要活出真实的自己，哪怕成为你眼中的局外人！北岛推荐版本！获诺贝尔文学奖基金会官方授权！免费赠送法语原版！） (大星作家榜经典文库)] Chunk 3: 0 beats generated
2026-04-24 21:56:39 | INFO     | [作家榜经典：局外人（我就是要活出真实的自己，哪怕成为你眼中的局外人！北岛推荐版本！获诺贝尔文学奖基金会官方授权！免费赠送法语原版！） (大星作家榜经典文库)] Chunk 4: 6 beats generated
2026-04-24 21:56:43 | WARNING  | Failed to extract beats from response: Let me analyze this text carefully. It's a substantial chunk (well over 2000 characters) with dense narrative content. Let me extract the narrative beats.

I need to check if there's any previous cont
2026-04-24 21:56:43 | INFO     | [作家榜经典：局外人（我就是要活出真实的自己，哪怕成为你眼中的局外人！北岛推荐版本！获诺贝尔文学奖基金会官方授权！免费赠送法语原版！） (大星作家榜经典文库)] Chunk 5: 0 beats generated
2026-04-24 21:57:48 | WARNING  | Failed to parse interesting points: [
  {"node_id": "n-7-0", "discussion_prompts": ["为什么默尔索在周日早晨感到如此疲惫和头痛？这反映了他怎样的生活状态？", "玛丽叫醒默尔索的方式和对话，如何体现了他们之间的关系？"]},
  {"node_id": "n-7-1", "discussion_prompts": ["默尔索对雷蒙的草帽感到恶心，这暗示了默尔索对雷蒙的什么态度？", "
2026-04-24 21:57:48 | INFO     | [作家榜经典：局外人（我就是要活出真实的自己，哪怕成为你眼中的局外人！北岛推荐版本！获诺贝尔文学奖基金会官方授权！免费赠送法语原版！） (大星作家榜经典文库)] Chunk 6: 15 beats generated
2026-04-24 21:58:18 | INFO     | [作家榜经典：局外人（我就是要活出真实的自己，哪怕成为你眼中的局外人！北岛推荐版本！获诺贝尔文学奖基金会官方授权！免费赠送法语原版！） (大星作家榜经典文库)] Chunk 7: 6 beats generated
2026-04-24 21:58:49 | INFO     | [作家榜经典：局外人（我就是要活出真实的自己，哪怕成为你眼中的局外人！北岛推荐版本！获诺贝尔文学奖基金会官方授权！免费赠送法语原版！） (大星作家榜经典文库)] Chunk 8: 6 beats generated
2026-04-24 21:59:34 | INFO     | [作家榜经典：局外人（我就是要活出真实的自己，哪怕成为你眼中的局外人！北岛推荐版本！获诺贝尔文学奖基金会官方授权！免费赠送法语原版！） (大星作家榜经典文库)] Chunk 9: 10 beats generated
2026-04-24 22:00:10 | WARNING  | Failed to parse interesting points: [
  {"node_id": "n-12-0", "discussion_prompts": ["为什么一个人的正常品质，比如机智和冷静，会变成法庭上的罪证？这反映了社会对‘异类’的恐惧吗？", "检察官将默尔索的冷漠视为预谋杀人的证据，你是否同意这种推理？冷漠是否等于犯罪意图？"]},
  {"node_id": "n-12-1", "discussion_prompts": ["检察官说默尔
2026-04-24 22:00:10 | INFO     | [作家榜经典：局外人（我就是要活出真实的自己，哪怕成为你眼中的局外人！北岛推荐版本！获诺贝尔文学奖基金会官方授权！免费赠送法语原版！） (大星作家榜经典文库)] Chunk 10: 8 beats generated
2026-04-24 22:00:39 | INFO     | [作家榜经典：局外人（我就是要活出真实的自己，哪怕成为你眼中的局外人！北岛推荐版本！获诺贝尔文学奖基金会官方授权！免费赠送法语原版！） (大星作家榜经典文库)] Chunk 11: 7 beats generated
2026-04-24 22:00:55 | INFO     | [作家榜经典：局外人（我就是要活出真实的自己，哪怕成为你眼中的局外人！北岛推荐版本！获诺贝尔文学奖基金会官方授权！免费赠送法语原版！） (大星作家榜经典文库)] Chunk 12: 3 beats generated
2026-04-24 22:01:20 | INFO     | [作家榜经典：局外人（我就是要活出真实的自己，哪怕成为你眼中的局外人！北岛推荐版本！获诺贝尔文学奖基金会官方授权！免费赠送法语原版！） (大星作家榜经典文库)] Chunk 13: 5 beats generated
2026-04-24 22:01:27 | INFO     | [作家榜经典：局外人（我就是要活出真实的自己，哪怕成为你眼中的局外人！北岛推荐版本！获诺贝尔文学奖基金会官方授权！免费赠送法语原版！） (大星作家榜经典文库)] Chunk 14: 1 beats generated
2026-04-24 22:02:24 | WARNING  | Failed to parse interesting points: [
  {"node_id": "n-18-0", "discussion_prompts": ["贫苦移民家庭出身如何塑造了加缪对人生的基本看法？", "一个酒窖工人和女佣的儿子，后来成为诺贝尔奖得主，这种阶层跨越在今天是否仍然可能？"]},
  {"node_id": "n-18-1", "discussion_prompts": ["父亲在战争中牺牲，对加缪的荒诞哲学是否有直接影响？", "
2026-04-24 22:02:24 | INFO     | [作家榜经典：局外人（我就是要活出真实的自己，哪怕成为你眼中的局外人！北岛推荐版本！获诺贝尔文学奖基金会官方授权！免费赠送法语原版！） (大星作家榜经典文库)] Chunk 15: 15 beats generated
2026-04-24 22:02:55 | WARNING  | Failed to extract beats from response: ```json
[
  {
    "id": "n-15-0",
    "beat_index": 0,
    "scene": "1957年12月斯德哥尔摩诺贝尔奖颁奖礼，阿裔学生质问加缪对阿尔及利亚独立运动的看法",
    "location": "斯德哥尔摩",
    "characters": [
      {"name": "加缪", "state_before": "获奖者
2026-04-24 22:02:55 | INFO     | [作家榜经典：局外人（我就是要活出真实的自己，哪怕成为你眼中的局外人！北岛推荐版本！获诺贝尔文学奖基金会官方授权！免费赠送法语原版！） (大星作家榜经典文库)] Chunk 16: 0 beats generated
